<?xml version="1.0" encoding="UTF-8"?>
<!-- Generated by org.testng.reporters.JUnitXMLReporter -->
<testsuite ignored="0" hostname="DepannPCS" failures="0" tests="4" name="Sport Category Tests" time="0.84" errors="0" timestamp="2026-05-23T11:28:07 WIB">
  <testcase classname="tests.auth.LoginTest" name="loginTest" time="0.446"/>
  <testcase classname="tests.sportcategory.SportCategoryTest" name="createSportCategories" time="0.136"/>
  <testcase classname="tests.sportcategory.SportCategoryTest" name="deleteSportCategory" time="0.115"/>
  <testcase classname="tests.sportcategory.SportCategoryTest" name="getSportCategories" time="0.133"/>
</testsuite> <!-- Sport Category Tests -->
