<?xml version="1.0" encoding="UTF-8"?>
<testng-results ignored="0" total="5" passed="5" failed="0" skipped="0">
  <reporter-output>
  </reporter-output>
  <suite started-at="2026-05-23T11:28:04 WIB" name="API Test Suite" finished-at="2026-05-23T11:28:07 WIB" duration-ms="3248">
    <groups>
    </groups>
    <test started-at="2026-05-23T11:28:04 WIB" name="Authentication Tests" finished-at="2026-05-23T11:28:06 WIB" duration-ms="2374">
      <class name="tests.auth.LoginTest">
        <test-method signature="loginTest()[pri:0, instance:tests.auth.LoginTest@475e586c]" started-at="2026-05-23T11:28:04 WIB" name="loginTest" finished-at="2026-05-23T11:28:06 WIB" duration-ms="2342" status="PASS">
          <reporter-output>
          </reporter-output>
        </test-method> <!-- loginTest -->
      </class> <!-- tests.auth.LoginTest -->
    </test> <!-- Authentication Tests -->
    <test started-at="2026-05-23T11:28:06 WIB" name="Sport Category Tests" finished-at="2026-05-23T11:28:07 WIB" duration-ms="840">
      <class name="tests.sportcategory.SportCategoryTest">
        <test-method is-config="true" signature="setUp()[pri:0, instance:tests.sportcategory.SportCategoryTest@56a6d5a6]" started-at="2026-05-23T11:28:07 WIB" name="setUp" finished-at="2026-05-23T11:28:07 WIB" duration-ms="3" status="PASS">
          <reporter-output>
          </reporter-output>
        </test-method> <!-- setUp -->
        <test-method signature="createSportCategories()[pri:0, instance:tests.sportcategory.SportCategoryTest@56a6d5a6]" started-at="2026-05-23T11:28:07 WIB" name="createSportCategories" finished-at="2026-05-23T11:28:07 WIB" duration-ms="136" status="PASS">
          <reporter-output>
          </reporter-output>
        </test-method> <!-- createSportCategories -->
        <test-method signature="deleteSportCategory()[pri:0, instance:tests.sportcategory.SportCategoryTest@56a6d5a6]" started-at="2026-05-23T11:28:07 WIB" name="deleteSportCategory" finished-at="2026-05-23T11:28:07 WIB" duration-ms="115" status="PASS">
          <reporter-output>
          </reporter-output>
        </test-method> <!-- deleteSportCategory -->
        <test-method signature="getSportCategories()[pri:0, instance:tests.sportcategory.SportCategoryTest@56a6d5a6]" started-at="2026-05-23T11:28:07 WIB" name="getSportCategories" finished-at="2026-05-23T11:28:07 WIB" duration-ms="133" status="PASS">
          <reporter-output>
          </reporter-output>
        </test-method> <!-- getSportCategories -->
      </class> <!-- tests.sportcategory.SportCategoryTest -->
      <class name="tests.auth.LoginTest">
        <test-method signature="loginTest()[pri:0, instance:tests.auth.LoginTest@d706f19]" started-at="2026-05-23T11:28:06 WIB" name="loginTest" finished-at="2026-05-23T11:28:07 WIB" duration-ms="446" status="PASS">
          <reporter-output>
          </reporter-output>
        </test-method> <!-- loginTest -->
      </class> <!-- tests.auth.LoginTest -->
    </test> <!-- Sport Category Tests -->
  </suite> <!-- API Test Suite -->
</testng-results>
