<?xml version="1.0" encoding="UTF-8"?>
<!-- Generated by org.testng.reporters.JUnitReportReporter -->
<testsuite hostname="DepannPCS" failures="0" tests="3" name="tests.sportcategory.SportCategoryTest" time="0.384" errors="0" timestamp="2026-05-23T11:28:07 WIB" skipped="0">
  <testcase classname="tests.sportcategory.SportCategoryTest" name="deleteSportCategory" time="0.115"/>
  <testcase classname="tests.sportcategory.SportCategoryTest" name="createSportCategories" time="0.136"/>
  <testcase classname="tests.sportcategory.SportCategoryTest" name="getSportCategories" time="0.133"/>
</testsuite> <!-- tests.sportcategory.SportCategoryTest -->
